30-03-2022 04:58:30 : INFO : linux : <module> : 13 : (Process Details : (3864, MainProcess), Thread Details : (13256, MainThread))
Log : gi.repository not installed
30-03-2022 04:58:30 : INFO : __init__ : <module> : 42 : (Process Details : (3864, MainProcess), Thread Details : (13256, MainThread))
Log : Settings
30-03-2022 04:58:30 : INFO : __init__ : <module> : 44 : (Process Details : (3864, MainProcess), Thread Details : (13256, MainThread))
Log :  - monitor: 1
30-03-2022 04:58:30 : INFO : __init__ : <module> : 44 : (Process Details : (3864, MainProcess), Thread Details : (13256, MainThread))
Log :  - monitor resolution: 1920x1080
30-03-2022 04:58:30 : INFO : __init__ : <module> : 44 : (Process Details : (3864, MainProcess), Thread Details : (13256, MainThread))
Log :  - bot_speed: 0.1
30-03-2022 04:58:30 : INFO : __init__ : <module> : 44 : (Process Details : (3864, MainProcess), Thread Details : (13256, MainThread))
Log :  - mousespeed: 0.3
30-03-2022 04:58:30 : INFO : __init__ : <module> : 44 : (Process Details : (3864, MainProcess), Thread Details : (13256, MainThread))
Log :  - location: Felwood
30-03-2022 04:58:30 : INFO : __init__ : <module> : 44 : (Process Details : (3864, MainProcess), Thread Details : (13256, MainThread))
Log :  - mode: Heroic
30-03-2022 04:58:30 : INFO : __init__ : <module> : 44 : (Process Details : (3864, MainProcess), Thread Details : (13256, MainThread))
Log :  - level: 29c
30-03-2022 04:58:30 : INFO : __init__ : <module> : 44 : (Process Details : (3864, MainProcess), Thread Details : (13256, MainThread))
Log :  - waitforexp: 0
30-03-2022 04:58:30 : INFO : __init__ : <module> : 44 : (Process Details : (3864, MainProcess), Thread Details : (13256, MainThread))
Log :  - quitbeforebossfight: True
30-03-2022 04:58:30 : INFO : __init__ : <module> : 44 : (Process Details : (3864, MainProcess), Thread Details : (13256, MainThread))
Log :  - stopatstranger: True
30-03-2022 04:58:30 : INFO : __init__ : <module> : 44 : (Process Details : (3864, MainProcess), Thread Details : (13256, MainThread))
Log :  - gamedir: E:\Program Files (x86)\Hearthstone
30-03-2022 04:58:30 : INFO : __init__ : <module> : 44 : (Process Details : (3864, MainProcess), Thread Details : (13256, MainThread))
Log :  - zonelog: E:/Program Files (x86)/Hearthstone/Logs/Zone.log
30-03-2022 04:58:30 : INFO : main : main : 13 : (Process Details : (3864, MainProcess), Thread Details : (13256, MainThread))
Log : start
30-03-2022 04:58:30 : INFO : main : main : 16 : (Process Details : (3864, MainProcess), Thread Details : (13256, MainThread))
Log : Loop
30-03-2022 04:58:30 : DEBUG : image_utils : find_ellement : 50 : (Process Details : (3864, MainProcess), Thread Details : (13256, MainThread))
Log : DEBUG : find_ellement_grey START
30-03-2022 04:58:30 : DEBUG : image_utils : partscreen : 135 : (Process Details : (3864, MainProcess), Thread Details : (13256, MainThread))
Log : entered screenpart
30-03-2022 04:58:31 : DEBUG : image_utils : get_gray_image : 35 : (Process Details : (3864, MainProcess), Thread Details : (13256, MainThread))
Log : images in memory : {len(get_gray_image.imagesInMemory)}
30-03-2022 04:58:31 : INFO : image_utils : find_element_from_file : 125 : (Process Details : (3864, MainProcess), Thread Details : (13256, MainThread))
Log : Looked for buttons/join_button.png ( 0.65 )
30-03-2022 04:58:31 : DEBUG : image_utils : find_ellement : 50 : (Process Details : (3864, MainProcess), Thread Details : (13256, MainThread))
Log : DEBUG : find_ellement_grey START
30-03-2022 04:58:31 : DEBUG : image_utils : partscreen : 135 : (Process Details : (3864, MainProcess), Thread Details : (13256, MainThread))
Log : entered screenpart
30-03-2022 04:58:31 : DEBUG : image_utils : get_gray_image : 35 : (Process Details : (3864, MainProcess), Thread Details : (13256, MainThread))
Log : images in memory : {len(get_gray_image.imagesInMemory)}
30-03-2022 04:58:31 : INFO : image_utils : find_element_from_file : 125 : (Process Details : (3864, MainProcess), Thread Details : (13256, MainThread))
Log : Looked for chekers/menu.png ( 0.65 )
30-03-2022 04:58:31 : DEBUG : image_utils : find_ellement : 50 : (Process Details : (3864, MainProcess), Thread Details : (13256, MainThread))
Log : DEBUG : find_ellement_grey START
30-03-2022 04:58:31 : DEBUG : image_utils : partscreen : 135 : (Process Details : (3864, MainProcess), Thread Details : (13256, MainThread))
Log : entered screenpart
30-03-2022 04:58:31 : DEBUG : image_utils : get_gray_image : 35 : (Process Details : (3864, MainProcess), Thread Details : (13256, MainThread))
Log : images in memory : {len(get_gray_image.imagesInMemory)}
30-03-2022 04:58:31 : INFO : image_utils : find_element_from_file : 125 : (Process Details : (3864, MainProcess), Thread Details : (13256, MainThread))
Log : Looked for UI_ellements/travelpoint.png ( 0.65 )
30-03-2022 04:58:31 : DEBUG : image_utils : find_ellement : 50 : (Process Details : (3864, MainProcess), Thread Details : (13256, MainThread))
Log : DEBUG : find_ellement_grey START
30-03-2022 04:58:31 : DEBUG : image_utils : partscreen : 135 : (Process Details : (3864, MainProcess), Thread Details : (13256, MainThread))
Log : entered screenpart
30-03-2022 04:58:31 : DEBUG : image_utils : get_gray_image : 35 : (Process Details : (3864, MainProcess), Thread Details : (13256, MainThread))
Log : images in memory : {len(get_gray_image.imagesInMemory)}
30-03-2022 04:58:31 : INFO : image_utils : find_element_from_file : 125 : (Process Details : (3864, MainProcess), Thread Details : (13256, MainThread))
Log : Looked for UI_ellements/bounties.png ( 0.65 )
30-03-2022 04:58:31 : DEBUG : image_utils : find_ellement : 50 : (Process Details : (3864, MainProcess), Thread Details : (13256, MainThread))
Log : DEBUG : find_ellement_grey START
30-03-2022 04:58:32 : DEBUG : image_utils : partscreen : 135 : (Process Details : (3864, MainProcess), Thread Details : (13256, MainThread))
Log : entered screenpart
30-03-2022 04:58:32 : DEBUG : image_utils : get_gray_image : 35 : (Process Details : (3864, MainProcess), Thread Details : (13256, MainThread))
Log : images in memory : {len(get_gray_image.imagesInMemory)}
30-03-2022 04:58:32 : INFO : image_utils : find_element_from_file : 125 : (Process Details : (3864, MainProcess), Thread Details : (13256, MainThread))
Log : Looked for UI_ellements/choose_team.png ( 0.65 )
30-03-2022 04:58:32 : DEBUG : image_utils : find_ellement : 50 : (Process Details : (3864, MainProcess), Thread Details : (13256, MainThread))
Log : DEBUG : find_ellement_grey START
30-03-2022 04:58:32 : DEBUG : image_utils : partscreen : 135 : (Process Details : (3864, MainProcess), Thread Details : (13256, MainThread))
Log : entered screenpart
30-03-2022 04:58:32 : DEBUG : image_utils : get_gray_image : 35 : (Process Details : (3864, MainProcess), Thread Details : (13256, MainThread))
Log : images in memory : {len(get_gray_image.imagesInMemory)}
30-03-2022 04:58:32 : INFO : image_utils : find_element_from_file : 125 : (Process Details : (3864, MainProcess), Thread Details : (13256, MainThread))
Log : Looked for buttons/play.png ( 0.85 )
30-03-2022 04:58:32 : DEBUG : image_utils : find_ellement : 50 : (Process Details : (3864, MainProcess), Thread Details : (13256, MainThread))
Log : DEBUG : find_ellement_grey START
30-03-2022 04:58:32 : DEBUG : image_utils : partscreen : 135 : (Process Details : (3864, MainProcess), Thread Details : (13256, MainThread))
Log : entered screenpart
30-03-2022 04:58:32 : DEBUG : image_utils : get_gray_image : 35 : (Process Details : (3864, MainProcess), Thread Details : (13256, MainThread))
Log : images in memory : {len(get_gray_image.imagesInMemory)}
30-03-2022 04:58:32 : INFO : image_utils : find_element_from_file : 122 : (Process Details : (3864, MainProcess), Thread Details : (13256, MainThread))
Log : Found UI_ellements/view_party.png ( 0.8 ) 964 963
30-03-2022 04:58:34 : DEBUG : image_utils : find_ellement : 50 : (Process Details : (3864, MainProcess), Thread Details : (13256, MainThread))
Log : DEBUG : find_ellement_grey START
30-03-2022 04:58:34 : DEBUG : image_utils : partscreen : 135 : (Process Details : (3864, MainProcess), Thread Details : (13256, MainThread))
Log : entered screenpart
30-03-2022 04:58:34 : DEBUG : image_utils : get_gray_image : 35 : (Process Details : (3864, MainProcess), Thread Details : (13256, MainThread))
Log : images in memory : {len(get_gray_image.imagesInMemory)}
30-03-2022 04:58:34 : INFO : image_utils : find_element_from_file : 125 : (Process Details : (3864, MainProcess), Thread Details : (13256, MainThread))
Log : Looked for buttons/play.png ( 0.85 )
30-03-2022 04:58:34 : DEBUG : image_utils : find_ellement : 50 : (Process Details : (3864, MainProcess), Thread Details : (13256, MainThread))
Log : DEBUG : find_ellement_grey START
30-03-2022 04:58:34 : DEBUG : image_utils : partscreen : 135 : (Process Details : (3864, MainProcess), Thread Details : (13256, MainThread))
Log : entered screenpart
30-03-2022 04:58:34 : DEBUG : image_utils : get_gray_image : 35 : (Process Details : (3864, MainProcess), Thread Details : (13256, MainThread))
Log : images in memory : {len(get_gray_image.imagesInMemory)}
30-03-2022 04:58:34 : INFO : image_utils : find_element_from_file : 125 : (Process Details : (3864, MainProcess), Thread Details : (13256, MainThread))
Log : Looked for buttons/reveal.png ( 0.95 )
30-03-2022 04:58:34 : DEBUG : image_utils : find_ellement : 50 : (Process Details : (3864, MainProcess), Thread Details : (13256, MainThread))
Log : DEBUG : find_ellement_grey START
30-03-2022 04:58:34 : DEBUG : image_utils : partscreen : 135 : (Process Details : (3864, MainProcess), Thread Details : (13256, MainThread))
Log : entered screenpart
30-03-2022 04:58:34 : DEBUG : image_utils : get_gray_image : 35 : (Process Details : (3864, MainProcess), Thread Details : (13256, MainThread))
Log : images in memory : {len(get_gray_image.imagesInMemory)}
30-03-2022 04:58:34 : INFO : image_utils : find_element_from_file : 125 : (Process Details : (3864, MainProcess), Thread Details : (13256, MainThread))
Log : Looked for buttons/visit.png ( 0.95 )
30-03-2022 04:58:34 : DEBUG : image_utils : find_ellement : 50 : (Process Details : (3864, MainProcess), Thread Details : (13256, MainThread))
Log : DEBUG : find_ellement_grey START
30-03-2022 04:58:34 : DEBUG : image_utils : partscreen : 135 : (Process Details : (3864, MainProcess), Thread Details : (13256, MainThread))
Log : entered screenpart
30-03-2022 04:58:35 : DEBUG : image_utils : get_gray_image : 35 : (Process Details : (3864, MainProcess), Thread Details : (13256, MainThread))
Log : images in memory : {len(get_gray_image.imagesInMemory)}
30-03-2022 04:58:35 : INFO : image_utils : find_element_from_file : 125 : (Process Details : (3864, MainProcess), Thread Details : (13256, MainThread))
Log : Looked for UI_ellements/pick.png ( 0.95 )
30-03-2022 04:58:35 : DEBUG : image_utils : find_ellement : 50 : (Process Details : (3864, MainProcess), Thread Details : (13256, MainThread))
Log : DEBUG : find_ellement_grey START
30-03-2022 04:58:35 : DEBUG : image_utils : partscreen : 135 : (Process Details : (3864, MainProcess), Thread Details : (13256, MainThread))
Log : entered screenpart
30-03-2022 04:58:35 : DEBUG : image_utils : get_gray_image : 35 : (Process Details : (3864, MainProcess), Thread Details : (13256, MainThread))
Log : images in memory : {len(get_gray_image.imagesInMemory)}
30-03-2022 04:58:35 : INFO : image_utils : find_element_from_file : 125 : (Process Details : (3864, MainProcess), Thread Details : (13256, MainThread))
Log : Looked for buttons/portal-warp.png ( 0.95 )
30-03-2022 04:58:35 : DEBUG : image_utils : find_ellement : 50 : (Process Details : (3864, MainProcess), Thread Details : (13256, MainThread))
Log : DEBUG : find_ellement_grey START
30-03-2022 04:58:35 : DEBUG : image_utils : partscreen : 135 : (Process Details : (3864, MainProcess), Thread Details : (13256, MainThread))
Log : entered screenpart
30-03-2022 04:58:35 : DEBUG : image_utils : get_gray_image : 35 : (Process Details : (3864, MainProcess), Thread Details : (13256, MainThread))
Log : images in memory : {len(get_gray_image.imagesInMemory)}
30-03-2022 04:58:35 : INFO : image_utils : find_element_from_file : 125 : (Process Details : (3864, MainProcess), Thread Details : (13256, MainThread))
Log : Looked for UI_ellements/surprise.png ( 0.95 )
30-03-2022 04:58:35 : DEBUG : image_utils : find_ellement : 50 : (Process Details : (3864, MainProcess), Thread Details : (13256, MainThread))
Log : DEBUG : find_ellement_grey START
30-03-2022 04:58:35 : DEBUG : image_utils : partscreen : 135 : (Process Details : (3864, MainProcess), Thread Details : (13256, MainThread))
Log : entered screenpart
30-03-2022 04:58:35 : DEBUG : image_utils : get_gray_image : 35 : (Process Details : (3864, MainProcess), Thread Details : (13256, MainThread))
Log : images in memory : {len(get_gray_image.imagesInMemory)}
30-03-2022 04:58:35 : INFO : image_utils : find_element_from_file : 125 : (Process Details : (3864, MainProcess), Thread Details : (13256, MainThread))
Log : Looked for UI_ellements/spirithealer.png ( 0.92 )
30-03-2022 04:58:35 : DEBUG : bounty : nextlvl : 111 : (Process Details : (3864, MainProcess), Thread Details : (13256, MainThread))
Log : Mouse (x, y) : ({x}, {y})
30-03-2022 04:58:35 : DEBUG : bounty : nextlvl : 122 : (Process Details : (3864, MainProcess), Thread Details : (13256, MainThread))
Log : move mouse to (x, y) : ({x}, {y})
30-03-2022 04:58:36 : DEBUG : image_utils : find_ellement : 50 : (Process Details : (3864, MainProcess), Thread Details : (13256, MainThread))
Log : DEBUG : find_ellement_grey START
30-03-2022 04:58:36 : DEBUG : image_utils : partscreen : 135 : (Process Details : (3864, MainProcess), Thread Details : (13256, MainThread))
Log : entered screenpart
30-03-2022 04:58:36 : DEBUG : image_utils : get_gray_image : 35 : (Process Details : (3864, MainProcess), Thread Details : (13256, MainThread))
Log : images in memory : {len(get_gray_image.imagesInMemory)}
30-03-2022 04:58:36 : INFO : image_utils : find_element_from_file : 125 : (Process Details : (3864, MainProcess), Thread Details : (13256, MainThread))
Log : Looked for buttons/num.png ( 0.65 )
30-03-2022 04:58:36 : INFO : main : main : 16 : (Process Details : (3864, MainProcess), Thread Details : (13256, MainThread))
Log : Loop
30-03-2022 04:58:36 : DEBUG : image_utils : find_ellement : 50 : (Process Details : (3864, MainProcess), Thread Details : (13256, MainThread))
Log : DEBUG : find_ellement_grey START
30-03-2022 04:58:36 : DEBUG : image_utils : partscreen : 135 : (Process Details : (3864, MainProcess), Thread Details : (13256, MainThread))
Log : entered screenpart
30-03-2022 04:58:36 : DEBUG : image_utils : get_gray_image : 35 : (Process Details : (3864, MainProcess), Thread Details : (13256, MainThread))
Log : images in memory : {len(get_gray_image.imagesInMemory)}
30-03-2022 04:58:37 : INFO : image_utils : find_element_from_file : 125 : (Process Details : (3864, MainProcess), Thread Details : (13256, MainThread))
Log : Looked for buttons/join_button.png ( 0.65 )
30-03-2022 04:58:37 : DEBUG : image_utils : find_ellement : 50 : (Process Details : (3864, MainProcess), Thread Details : (13256, MainThread))
Log : DEBUG : find_ellement_grey START
30-03-2022 04:58:37 : DEBUG : image_utils : partscreen : 135 : (Process Details : (3864, MainProcess), Thread Details : (13256, MainThread))
Log : entered screenpart
30-03-2022 04:58:37 : DEBUG : image_utils : get_gray_image : 35 : (Process Details : (3864, MainProcess), Thread Details : (13256, MainThread))
Log : images in memory : {len(get_gray_image.imagesInMemory)}
30-03-2022 04:58:37 : INFO : image_utils : find_element_from_file : 125 : (Process Details : (3864, MainProcess), Thread Details : (13256, MainThread))
Log : Looked for chekers/menu.png ( 0.65 )
30-03-2022 04:58:37 : DEBUG : image_utils : find_ellement : 50 : (Process Details : (3864, MainProcess), Thread Details : (13256, MainThread))
Log : DEBUG : find_ellement_grey START
30-03-2022 04:58:37 : DEBUG : image_utils : partscreen : 135 : (Process Details : (3864, MainProcess), Thread Details : (13256, MainThread))
Log : entered screenpart
30-03-2022 04:58:37 : DEBUG : image_utils : get_gray_image : 35 : (Process Details : (3864, MainProcess), Thread Details : (13256, MainThread))
Log : images in memory : {len(get_gray_image.imagesInMemory)}
30-03-2022 04:58:37 : INFO : image_utils : find_element_from_file : 125 : (Process Details : (3864, MainProcess), Thread Details : (13256, MainThread))
Log : Looked for UI_ellements/travelpoint.png ( 0.65 )
30-03-2022 04:58:37 : DEBUG : image_utils : find_ellement : 50 : (Process Details : (3864, MainProcess), Thread Details : (13256, MainThread))
Log : DEBUG : find_ellement_grey START
30-03-2022 04:58:37 : DEBUG : image_utils : partscreen : 135 : (Process Details : (3864, MainProcess), Thread Details : (13256, MainThread))
Log : entered screenpart
30-03-2022 04:58:37 : DEBUG : image_utils : get_gray_image : 35 : (Process Details : (3864, MainProcess), Thread Details : (13256, MainThread))
Log : images in memory : {len(get_gray_image.imagesInMemory)}
